<?xml version="1.0" encoding="UTF-8"?>
<testsuite name="Place an order for a pet" tests="1" skipped="0" failures="0" errors="0" timestamp="2023-01-12T15:51:28" hostname="SQAMED-90298" time="6.137">
  <properties/>
  <testcase name="Place an order for a pet successfully" classname="Place an order for a pet" time="6.137"/>
  <system-out><![CDATA[{
  "id": "17",
  "petId": "0897",
  "quantity": "3",
  "shipDate": "2023-01-12T20:09:22.005Z",
  "status": "approved",
  "complete": "true"
}
200
]]></system-out>
  <system-err><![CDATA[[Test worker] INFO net.thucydides.core.steps.ConsoleLoggingListener - 
        __    _____ _____ ____ _____   ____   _    ____  ____  _____ ____  
  _     \ \  |_   _| ____/ ___|_   _| |  _ \ / \  / ___|/ ___|| ____|  _ \ 
 (_)_____| |   | | |  _| \___ \ | |   | |_) / _ \ \___ \\___ \|  _| | | | |
  _|_____| |   | | | |___ ___) || |   |  __/ ___ \ ___) |___) | |___| |_| |
 (_)     | |   |_| |_____|____/ |_|   |_| /_/   \_\____/|____/|_____|____/ 
        /_/                                                                

TEST PASSED: Place an order for a pet successfully
----------------------------------------------------------------------------
]]></system-err>
</testsuite>
